<?xml version="1.0" encoding="UTF-8"?>
<!-- Generated by org.testng.reporters.JUnitReportReporter -->
<testsuite hostname="LP-PG02JDJH" failures="0" tests="1" name="paypal.Test.Hackathon1Test" time="21.042" errors="0" timestamp="2023-06-05T11:44:46 IST" skipped="0">
  <testcase classname="paypal.Test.Hackathon1Test" name="verifyBusiness" time="21.042"/>
  <system-out/>
</testsuite> <!-- paypal.Test.Hackathon1Test -->
