<?xml version="1.0" encoding="UTF-8"?>
<!-- Generated by org.testng.reporters.JUnitReportReporter -->
<testsuite hostname="LP-PG02JDJH" failures="0" tests="2" name="paypal.Test.Hackaton2Test" time="91.821" errors="0" timestamp="2023-06-02T18:19:41 IST" skipped="0">
  <testcase classname="paypal.Test.Hackaton2Test" name="embedIntoText" time="47.235"/>
  <system-out/>
  <testcase classname="paypal.Test.Hackaton2Test" name="compareSnap" time="44.586"/>
  <system-out/>
</testsuite> <!-- paypal.Test.Hackaton2Test -->
